f:\coco\stg\proj.win32\debug.win32\main.obj
f:\coco\stg\proj.win32\debug.win32\loading.obj
f:\coco\stg\proj.win32\debug.win32\helloworldscene.obj
f:\coco\stg\proj.win32\debug.win32\appdelegate.obj
f:\coco\stg\proj.win32\debug.win32\vc141.pdb
f:\coco\stg\proj.win32\debug.win32\gamemanager.obj
f:\coco\stg\proj.win32\debug.win32\gamemanual.obj
f:\coco\stg\proj.win32\debug.win32\gamemenu.obj
f:\coco\stg\proj.win32\debug.win32\gamestart.obj
f:\coco\stg\proj.win32\debug.win32\gamelevel_1.obj
f:\coco\stg\proj.win32\debug.win32\player.obj
f:\coco\stg\proj.win32\debug.win32\enemy.obj
f:\coco\stg\proj.win32\debug.win32\bullet.obj
f:\coco\stg\proj.win32\debug.win32\boss.obj
f:\coco\stg\proj.win32\debug.win32\gamelevel_2.obj
f:\coco\stg\proj.win32\debug.win32\gameover.obj
f:\coco\stg\proj.win32\debug.win32\gameend.obj
f:\coco\stg\proj.win32\debug.win32\gamemusic.obj
f:\coco\stg\proj.win32\debug.win32\stg.exe
f:\coco\stg\proj.win32\debug.win32\stg.ilk
f:\coco\stg\proj.win32\debug.win32\stg.pdb
f:\coco\stg\proj.win32\debug.win32\game.res
f:\coco\stg\proj.win32\debug.win32\stg.lib
f:\coco\stg\proj.win32\debug.win32\stg.exp
f:\coco\stg\proj.win32\stg.cab
f:\coco\stg\proj.win32\debug.win32\vc141.idb
f:\coco\stg\proj.win32\debug.win32\stg.tlog\cl.command.1.tlog
f:\coco\stg\proj.win32\debug.win32\stg.tlog\cl.read.1.tlog
f:\coco\stg\proj.win32\debug.win32\stg.tlog\cl.write.1.tlog
f:\coco\stg\proj.win32\debug.win32\stg.tlog\link.command.1.tlog
f:\coco\stg\proj.win32\debug.win32\stg.tlog\link.read.1.tlog
f:\coco\stg\proj.win32\debug.win32\stg.tlog\link.write.1.tlog
f:\coco\stg\proj.win32\debug.win32\stg.tlog\rc.command.1.tlog
f:\coco\stg\proj.win32\debug.win32\stg.tlog\rc.read.1.tlog
f:\coco\stg\proj.win32\debug.win32\stg.tlog\rc.write.1.tlog
f:\coco\stg\proj.win32\debug.win32\stg.tlog\stg.write.1u.tlog
